{
"contracts/Raffle.sol":{"l":{"62":3,"63":3,"64":3,"65":3,"66":3,"67":3,"68":3,"69":3,"73":5,"74":1,"76":4,"77":1,"79":3,"80":3,"100":1,"101":1,"102":1,"103":1,"105":1,"109":1,"110":1,"111":0,"117":1,"118":1,"126":1,"133":0,"134":0,"135":0,"136":0,"137":0,"138":0,"139":0,"140":0,"141":0,"143":0,"147":1,"151":0,"155":5,"159":1,"163":0,"167":0,"171":5,"175":0,"179":0},"path":"/Users/tunahandundar/Desktop/BlockchainProjects/hardhat-smartcontract-lottery/contracts/Raffle.sol","s":{"1":5,"2":4,"3":3,"4":3,"5":1,"6":1,"7":1,"8":1,"9":1,"10":1,"11":1,"12":1,"13":0,"14":0,"15":0,"16":0,"17":0,"18":1,"19":0,"20":5,"21":1,"22":0,"23":0,"24":5,"25":0,"26":0},"b":{"1":[1,4],"2":[1,3],"3":[0,1],"4":[0,0]},"f":{"1":3,"2":5,"3":1,"4":1,"5":0,"6":1,"7":0,"8":5,"9":1,"10":0,"11":0,"12":5,"13":0,"14":0},"fnMap":{"1":{"name":"constructor","line":61,"loc":{"start":{"line":54,"column":4},"end":{"line":70,"column":4}}},"2":{"name":"enterRaffle","line":72,"loc":{"start":{"line":72,"column":4},"end":{"line":81,"column":4}}},"3":{"name":"checkUpkeep","line":93,"loc":{"start":{"line":93,"column":4},"end":{"line":106,"column":4}}},"4":{"name":"performUpkeep","line":108,"loc":{"start":{"line":108,"column":4},"end":{"line":127,"column":4}}},"5":{"name":"fulfillRandomWords","line":129,"loc":{"start":{"line":129,"column":4},"end":{"line":144,"column":4}}},"6":{"name":"getPlayer","line":146,"loc":{"start":{"line":146,"column":4},"end":{"line":148,"column":4}}},"7":{"name":"getRecentWinner","line":150,"loc":{"start":{"line":150,"column":4},"end":{"line":152,"column":4}}},"8":{"name":"getEntranceFee","line":154,"loc":{"start":{"line":154,"column":4},"end":{"line":156,"column":4}}},"9":{"name":"getRaffleState","line":158,"loc":{"start":{"line":158,"column":4},"end":{"line":160,"column":4}}},"10":{"name":"getNumWords","line":162,"loc":{"start":{"line":162,"column":4},"end":{"line":164,"column":4}}},"11":{"name":"getNumberOfPlayers","line":166,"loc":{"start":{"line":166,"column":4},"end":{"line":168,"column":4}}},"12":{"name":"getInterval","line":170,"loc":{"start":{"line":170,"column":4},"end":{"line":172,"column":4}}},"13":{"name":"getLatestTimestamp","line":174,"loc":{"start":{"line":174,"column":4},"end":{"line":176,"column":4}}},"14":{"name":"getRequestConfirmations","line":178,"loc":{"start":{"line":178,"column":4},"end":{"line":180,"column":4}}}},"statementMap":{"1":{"start":{"line":73,"column":8},"end":{"line":73,"column":2163}},"2":{"start":{"line":76,"column":8},"end":{"line":76,"column":2264}},"3":{"start":{"line":79,"column":8},"end":{"line":79,"column":42}},"4":{"start":{"line":80,"column":8},"end":{"line":80,"column":36}},"5":{"start":{"line":100,"column":8},"end":{"line":100,"column":55}},"6":{"start":{"line":101,"column":8},"end":{"line":101,"column":74}},"7":{"start":{"line":102,"column":8},"end":{"line":102,"column":46}},"8":{"start":{"line":103,"column":8},"end":{"line":103,"column":51}},"9":{"start":{"line":109,"column":8},"end":{"line":109,"column":47}},"10":{"start":{"line":110,"column":8},"end":{"line":110,"column":3467}},"11":{"start":{"line":118,"column":8},"end":{"line":118,"column":3727}},"12":{"start":{"line":126,"column":8},"end":{"line":126,"column":45}},"13":{"start":{"line":133,"column":8},"end":{"line":133,"column":65}},"14":{"start":{"line":134,"column":8},"end":{"line":134,"column":63}},"15":{"start":{"line":139,"column":8},"end":{"line":139,"column":78}},"16":{"start":{"line":140,"column":8},"end":{"line":140,"column":4508}},"17":{"start":{"line":143,"column":8},"end":{"line":143,"column":39}},"18":{"start":{"line":147,"column":8},"end":{"line":147,"column":31}},"19":{"start":{"line":151,"column":8},"end":{"line":151,"column":29}},"20":{"start":{"line":155,"column":8},"end":{"line":155,"column":28}},"21":{"start":{"line":159,"column":8},"end":{"line":159,"column":28}},"22":{"start":{"line":163,"column":8},"end":{"line":163,"column":24}},"23":{"start":{"line":167,"column":8},"end":{"line":167,"column":31}},"24":{"start":{"line":171,"column":8},"end":{"line":171,"column":25}},"25":{"start":{"line":175,"column":8},"end":{"line":175,"column":30}},"26":{"start":{"line":179,"column":8},"end":{"line":179,"column":36}}},"branchMap":{"1":{"line":73,"type":"if","locations":[{"start":{"line":73,"column":8},"end":{"line":73,"column":8}},{"start":{"line":73,"column":8},"end":{"line":73,"column":8}}]},"2":{"line":76,"type":"if","locations":[{"start":{"line":76,"column":8},"end":{"line":76,"column":8}},{"start":{"line":76,"column":8},"end":{"line":76,"column":8}}]},"3":{"line":110,"type":"if","locations":[{"start":{"line":110,"column":8},"end":{"line":110,"column":8}},{"start":{"line":110,"column":8},"end":{"line":110,"column":8}}]},"4":{"line":140,"type":"if","locations":[{"start":{"line":140,"column":8},"end":{"line":140,"column":8}},{"start":{"line":140,"column":8},"end":{"line":140,"column":8}}]}}},
"contracts/VRFCoordinatorV2Mock.sol":{"l":{},"path":"/Users/tunahandundar/Desktop/BlockchainProjects/hardhat-smartcontract-lottery/contracts/VRFCoordinatorV2Mock.sol","s":{},"b":{},"f":{},"fnMap":{},"statementMap":{},"branchMap":{}}}
