TN:
SF:/Users/tunahandundar/Desktop/BlockchainProjects/hardhat-smartcontract-lottery/contracts/Raffle.sol
FN:61,constructor
FN:72,enterRaffle
FN:93,checkUpkeep
FN:108,performUpkeep
FN:129,fulfillRandomWords
FN:146,getPlayer
FN:150,getRecentWinner
FN:154,getEntranceFee
FN:158,getRaffleState
FN:162,getNumWords
FN:166,getNumberOfPlayers
FN:170,getInterval
FN:174,getLatestTimestamp
FN:178,getRequestConfirmations
FNF:14
FNH:8
FNDA:3,constructor
FNDA:5,enterRaffle
FNDA:1,checkUpkeep
FNDA:1,performUpkeep
FNDA:0,fulfillRandomWords
FNDA:1,getPlayer
FNDA:0,getRecentWinner
FNDA:5,getEntranceFee
FNDA:1,getRaffleState
FNDA:0,getNumWords
FNDA:0,getNumberOfPlayers
FNDA:5,getInterval
FNDA:0,getLatestTimestamp
FNDA:0,getRequestConfirmations
DA:62,3
DA:63,3
DA:64,3
DA:65,3
DA:66,3
DA:67,3
DA:68,3
DA:69,3
DA:73,5
DA:74,1
DA:76,4
DA:77,1
DA:79,3
DA:80,3
DA:100,1
DA:101,1
DA:102,1
DA:103,1
DA:105,1
DA:109,1
DA:110,1
DA:111,0
DA:117,1
DA:118,1
DA:126,1
DA:133,0
DA:134,0
DA:135,0
DA:136,0
DA:137,0
DA:138,0
DA:139,0
DA:140,0
DA:141,0
DA:143,0
DA:147,1
DA:151,0
DA:155,5
DA:159,1
DA:163,0
DA:167,0
DA:171,5
DA:175,0
DA:179,0
LF:44
LH:28
BRDA:73,1,0,1
BRDA:73,1,1,4
BRDA:76,2,0,1
BRDA:76,2,1,3
BRDA:110,3,0,0
BRDA:110,3,1,1
BRDA:140,4,0,0
BRDA:140,4,1,0
BRF:8
BRH:5
end_of_record
TN:
SF:/Users/tunahandundar/Desktop/BlockchainProjects/hardhat-smartcontract-lottery/contracts/VRFCoordinatorV2Mock.sol
FNF:0
FNH:0
LF:0
LH:0
BRF:0
BRH:0
end_of_record
